<?xml version="1.0" encoding="UTF-8"?>
<!-- Generated by org.testng.reporters.JUnitReportReporter -->
<testsuite skipped="0" hostname="DESKTOP-JMSRFJ8" name="Tests.PageResgisterationTest" tests="3" failures="0" timestamp="17 May 2020 23:38:32 GMT" time="8.114" errors="0">
  <testcase name="UserCanRegisterSuccessfully" time="4.552" classname="Tests.PageResgisterationTest"/>
  <testcase name="Userlogout" time="1.683" classname="Tests.PageResgisterationTest"/>
  <testcase name="userlogin" time="1.879" classname="Tests.PageResgisterationTest"/>
</testsuite> <!-- Tests.PageResgisterationTest -->
