<?xml version="1.0" encoding="UTF-8"?>
<!-- Generated by org.testng.reporters.JUnitReportReporter -->
<testsuite skipped="1" hostname="DESKTOP-JMSRFJ8" name="runner.TestRunner" tests="1" failures="0" timestamp="14 May 2020 21:32:42 GMT" time="4.564" errors="0">
  <testcase name="runScenario" time="4.564" classname="runner.TestRunner">
    <skipped/>
  </testcase> <!-- runScenario -->
</testsuite> <!-- runner.TestRunner -->
