<?xml version="1.0" encoding="UTF-8"?>
<!-- Generated by org.testng.reporters.JUnitReportReporter -->
<testsuite skipped="1" hostname="DESKTOP-JMSRFJ8" name="runner.TestRunner" tests="1" failures="0" timestamp="2020-05-17T18:10:44 EET" time="3.902" errors="0">
  <testcase name="runScenario" time="3.902" classname="runner.TestRunner">
    <skipped/>
  </testcase> <!-- runScenario -->
  <system-out/>
</testsuite> <!-- runner.TestRunner -->
