<?xml version="1.0" encoding="UTF-8"?>
<!-- Generated by org.testng.reporters.JUnitReportReporter -->
<testsuite skipped="0" hostname="DESKTOP-JMSRFJ8" name="Tests.PageResgisterationTest" tests="3" failures="0" timestamp="2020-05-17T18:30:15 EET" time="7.085" errors="0">
  <testcase name="UserCanRegisterSuccessfully" time="4.453" classname="Tests.PageResgisterationTest"/>
  <system-out/>
  <testcase name="Userlogout" time="1.659" classname="Tests.PageResgisterationTest"/>
  <system-out/>
  <testcase name="userlogin" time="0.973" classname="Tests.PageResgisterationTest"/>
  <system-out/>
</testsuite> <!-- Tests.PageResgisterationTest -->
